0 0
0.001 5e-07
0.002 1e-06
0.003 1.5e-06
0.004 2e-06
0.005 2.5e-06
0.006 3e-06
0.007 3.5e-06
0.008 4e-06
0.009 4.5e-06
0.01 5e-06
0.011 5.5e-06
0.012 6e-06
0.013 6.5e-06
0.014 7e-06
0.015 7.5e-06
0.016 8e-06
0.017 8.5e-06
0.018 9e-06
0.019 9.5e-06
0.02 1e-05
0.021 1.05e-05
0.022 1.1e-05
0.023 1.15e-05
0.024 1.2e-05
0.025 1.25e-05
0.026 1.3e-05
0.027 1.35e-05
0.028 1.4e-05
0.029 1.45e-05
0.03 1.5e-05
0.031 1.55e-05
0.032 1.6e-05
0.033 1.65e-05
0.034 1.7e-05
0.035 1.75e-05
0.036 1.8e-05
0.037 1.85e-05
0.038 1.9e-05
0.039 1.95e-05
0.04 2e-05
0.041 2.05e-05
0.042 2.1e-05
0.043 2.15e-05
0.044 2.2e-05
0.045 2.25e-05
0.046 2.3e-05
0.047 2.35e-05
0.048 2.4e-05
0.049 2.45e-05
0.05 2.5e-05
0.051 2.55e-05
0.052 2.6e-05
0.053 2.65e-05
0.054 2.7e-05
0.055 2.75e-05
0.056 2.8e-05
0.057 2.85e-05
0.058 2.9e-05
0.059 2.95e-05
0.06 3e-05
0.061 3.05e-05
0.062 3.1e-05
0.063 3.15e-05
0.064 3.2e-05
0.065 3.25e-05
0.066 3.3e-05
0.067 3.35e-05
0.068 3.4e-05
0.069 3.45e-05
0.07 3.5e-05
0.071 3.55e-05
0.072 3.6e-05
0.073 3.65e-05
0.074 3.7e-05
0.075 3.75e-05
0.076 3.8e-05
0.077 3.85e-05
0.078 3.9e-05
0.079 3.95e-05
0.08 4e-05
0.081 4.05e-05
0.082 4.1e-05
0.083 4.15e-05
0.084 4.2e-05
0.085 4.25e-05
0.086 4.3e-05
0.087 4.35e-05
0.088 4.4e-05
0.089 4.45e-05
0.09 4.5e-05
0.091 4.55e-05
0.092 4.6e-05
0.093 4.65e-05
0.094 4.7e-05
0.095 4.75e-05
0.096 4.8e-05
0.097 4.85e-05
0.098 4.9e-05
0.099 4.95e-05
0.1 5e-05
0.101 5.05e-05
0.102 5.1e-05
0.103 5.15e-05
0.104 5.2e-05
0.105 5.25e-05
0.106 5.3e-05
0.107 5.35e-05
0.108 5.4e-05
0.109 5.45e-05
0.11 5.5e-05
0.111 5.55e-05
0.112 5.6e-05
0.113 5.65e-05
0.114 5.7e-05
0.115 5.75e-05
0.116 5.8e-05
0.117 5.85e-05
0.118 5.9e-05
0.119 5.95e-05
0.12 6e-05
0.121 6.05e-05
0.122 6.1e-05
0.123 6.15e-05
0.124 6.2e-05
0.125 6.25e-05
0.126 6.3e-05
0.127 6.35e-05
0.128 6.4e-05
0.129 6.45e-05
0.13 6.5e-05
0.131 6.55e-05
0.132 6.6e-05
0.133 6.65e-05
0.134 6.7e-05
0.135 6.75e-05
0.136 6.8e-05
0.137 6.85e-05
0.138 6.9e-05
0.139 6.95e-05
0.14 7e-05
0.141 7.05e-05
0.142 7.1e-05
0.143 7.15e-05
0.144 7.2e-05
0.145 7.25e-05
0.146 7.3e-05
0.147 7.35e-05
0.148 7.4e-05
0.149 7.45e-05
0.15 7.5e-05
0.151 7.55e-05
0.152 7.6e-05
0.153 7.65e-05
0.154 7.7e-05
0.155 7.75e-05
0.156 7.8e-05
0.157 7.85e-05
0.158 7.9e-05
0.159 7.95e-05
0.16 8e-05
0.161 8.05e-05
0.162 8.1e-05
0.163 8.15e-05
0.164 8.2e-05
0.165 8.25e-05
0.166 8.3e-05
0.167 8.35e-05
0.168 8.4e-05
0.169 8.45e-05
0.17 8.5e-05
0.171 8.55e-05
0.172 8.6e-05
0.173 8.65e-05
0.174 8.7e-05
0.175 8.75e-05
0.176 8.8e-05
0.177 8.85e-05
0.178 8.9e-05
0.179 8.95e-05
0.18 9e-05
0.181 9.05e-05
0.182 9.1e-05
0.183 9.15e-05
0.184 9.2e-05
0.185 9.25e-05
0.186 9.3e-05
0.187 9.35e-05
0.188 9.4e-05
0.189 9.45e-05
0.19 9.5e-05
0.191 9.55e-05
0.192 9.6e-05
0.193 9.65e-05
0.194 9.7e-05
0.195 9.75e-05
0.196 9.8e-05
0.197 9.85e-05
0.198 9.9e-05
0.199 9.95e-05
0.2 0.0001
0.201 0.0001005
0.202 0.000101
0.203 0.0001015
0.204 0.000102
0.205 0.0001025
0.206 0.000103
0.207 0.0001035
0.208 0.000104
0.209 0.0001045
0.21 0.000105
0.211 0.0001055
0.212 0.000106
0.213 0.0001065
0.214 0.000107
0.215 0.0001075
0.216 0.000108
0.217 0.0001085
0.218 0.000109
0.219 0.0001095
0.22 0.00011
0.221 0.0001105
0.222 0.000111
0.223 0.0001115
0.224 0.000112
0.225 0.0001125
0.226 0.000113
0.227 0.0001135
0.228 0.000114
0.229 0.0001145
0.23 0.000115
0.231 0.0001155
0.232 0.000116
0.233 0.0001165
0.234 0.000117
0.235 0.0001175
0.236 0.000118
0.237 0.0001185
0.238 0.000119
0.239 0.0001195
0.24 0.00012
0.241 0.0001205
0.242 0.000121
0.243 0.0001215
0.244 0.000122
0.245 0.0001225
0.246 0.000123
0.247 0.0001235
0.248 0.000124
0.249 0.0001245
0.25 0.000125
0.251 0.0001255
0.252 0.000126
0.253 0.0001265
0.254 0.000127
0.255 0.0001275
0.256 0.000128
0.257 0.0001285
0.258 0.000129
0.259 0.0001295
0.26 0.00013
0.261 0.0001305
0.262 0.000131
0.263 0.0001315
0.264 0.000132
0.265 0.0001325
0.266 0.000133
0.267 0.0001335
0.268 0.000134
0.269 0.0001345
0.27 0.000135
0.271 0.0001355
0.272 0.000136
0.273 0.0001365
0.274 0.000137
0.275 0.0001375
0.276 0.000138
0.277 0.0001385
0.278 0.000139
0.279 0.0001395
0.28 0.00014
0.281 0.0001405
0.282 0.000141
0.283 0.0001415
0.284 0.000142
0.285 0.0001425
0.286 0.000143
0.287 0.0001435
0.288 0.000144
0.289 0.0001445
0.29 0.000145
0.291 0.0001455
0.292 0.000146
0.293 0.0001465
0.294 0.000147
0.295 0.0001475
0.296 0.000148
0.297 0.0001485
0.298 0.000149
0.299 0.0001495
0.3 0.00015
0.301 0.0001505
0.302 0.000151
0.303 0.0001515
0.304 0.000152
0.305 0.0001525
0.306 0.000153
0.307 0.0001535
0.308 0.000154
0.309 0.0001545
0.31 0.000155
0.311 0.0001555
0.312 0.000156
0.313 0.0001565
0.314 0.000157
0.315 0.0001575
0.316 0.000158
0.317 0.0001585
0.318 0.000159
0.319 0.0001595
0.32 0.00016
0.321 0.0001605
0.322 0.000161
0.323 0.0001615
0.324 0.000162
0.325 0.0001625
0.326 0.000163
0.327 0.0001635
0.328 0.000164
0.329 0.0001645
0.33 0.000165
0.331 0.0001655
0.332 0.000166
0.333 0.0001665
0.334 0.000167
0.335 0.0001675
0.336 0.000168
0.337 0.0001685
0.338 0.000169
0.339 0.0001695
0.34 0.00017
0.341 0.0001705
0.342 0.000171
0.343 0.0001715
0.344 0.000172
0.345 0.0001725
0.346 0.000173
0.347 0.0001735
0.348 0.000174
0.349 0.0001745
0.35 0.000175
0.351 0.0001755
0.352 0.000176
0.353 0.0001765
0.354 0.000177
0.355 0.0001775
0.356 0.000178
0.357 0.0001785
0.358 0.000179
0.359 0.0001795
0.36 0.00018
0.361 0.0001805
0.362 0.000181
0.363 0.0001815
0.364 0.000182
0.365 0.0001825
0.366 0.000183
0.367 0.0001835
0.368 0.000184
0.369 0.0001845
0.37 0.000185
0.371 0.0001855
0.372 0.000186
0.373 0.0001865
0.374 0.000187
0.375 0.0001875
0.376 0.000188
0.377 0.0001885
0.378 0.000189
0.379 0.0001895
0.38 0.00019
0.381 0.0001905
0.382 0.000191
0.383 0.0001915
0.384 0.000192
0.385 0.0001925
0.386 0.000193
0.387 0.0001935
0.388 0.000194
0.389 0.0001945
0.39 0.000195
0.391 0.0001955
0.392 0.000196
0.393 0.0001965
0.394 0.000197
0.395 0.0001975
0.396 0.000198
0.397 0.0001985
0.398 0.000199
0.399 0.0001995
0.4 0.0002
0.401 0.0002005
0.402 0.000201
0.403 0.0002015
0.404 0.000202
0.405 0.0002025
0.406 0.000203
0.407 0.0002035
0.408 0.000204
0.409 0.0002045
0.41 0.000205
0.411 0.0002055
0.412 0.000206
0.413 0.0002065
0.414 0.000207
0.415 0.0002075
0.416 0.000208
0.417 0.0002085
0.418 0.000209
0.419 0.0002095
0.42 0.00021
0.421 0.0002105
0.422 0.000211
0.423 0.0002115
0.424 0.000212
0.425 0.0002125
0.426 0.000213
0.427 0.0002135
0.428 0.000214
0.429 0.0002145
0.43 0.000215
0.431 0.0002155
0.432 0.000216
0.433 0.0002165
0.434 0.000217
0.435 0.0002175
0.436 0.000218
0.437 0.0002185
0.438 0.000219
0.439 0.0002195
0.44 0.00022
0.441 0.0002205
0.442 0.000221
0.443 0.0002215
0.444 0.000222
0.445 0.0002225
0.446 0.000223
0.447 0.0002235
0.448 0.000224
0.449 0.0002245
0.45 0.000225
0.451 0.0002255
0.452 0.000226
0.453 0.0002265
0.454 0.000227
0.455 0.0002275
0.456 0.000228
0.457 0.0002285
0.458 0.000229
0.459 0.0002295
0.46 0.00023
0.461 0.0002305
0.462 0.000231
0.463 0.0002315
0.464 0.000232
0.465 0.0002325
0.466 0.000233
0.467 0.0002335
0.468 0.000234
0.469 0.0002345
0.47 0.000235
0.471 0.0002355
0.472 0.000236
0.473 0.0002365
0.474 0.000237
0.475 0.0002375
0.476 0.000238
0.477 0.0002385
0.478 0.000239
0.479 0.0002395
0.48 0.00024
0.481 0.0002405
0.482 0.000241
0.483 0.0002415
0.484 0.000242
0.485 0.0002425
0.486 0.000243
0.487 0.0002435
0.488 0.000244
0.489 0.0002445
0.49 0.000245
0.491 0.0002455
0.492 0.000246
0.493 0.0002465
0.494 0.000247
0.495 0.0002475
0.496 0.000248
0.497 0.0002485
0.498 0.000249
0.499 0.0002495
0.5 0.00025
0.501 0.0002505
0.502 0.000251
0.503 0.0002515
0.504 0.000252
0.505 0.0002525
0.506 0.000253
0.507 0.0002535
0.508 0.000254
0.509 0.0002545
0.51 0.000255
0.511 0.0002555
0.512 0.000256
0.513 0.0002565
0.514 0.000257
0.515 0.0002575
0.516 0.000258
0.517 0.0002585
0.518 0.000259
0.519 0.0002595
0.52 0.00026
0.521 0.0002605
0.522 0.000261
0.523 0.0002615
0.524 0.000262
0.525 0.0002625
0.526 0.000263
0.527 0.0002635
0.528 0.000264
0.529 0.0002645
0.53 0.000265
0.531 0.0002655
0.532 0.000266
0.533 0.0002665
0.534 0.000267
0.535 0.0002675
0.536 0.000268
0.537 0.0002685
0.538 0.000269
0.539 0.0002695
0.54 0.00027
0.541 0.0002705
0.542 0.000271
0.543 0.0002715
0.544 0.000272
0.545 0.0002725
0.546 0.000273
0.547 0.0002735
0.548 0.000274
0.549 0.0002745
0.55 0.000275
0.551 0.0002755
0.552 0.000276
0.553 0.0002765
0.554 0.000277
0.555 0.0002775
0.556 0.000278
0.557 0.0002785
0.558 0.000279
0.559 0.0002795
0.56 0.00028
0.561 0.0002805
0.562 0.000281
0.563 0.0002815
0.564 0.000282
0.565 0.0002825
0.566 0.000283
0.567 0.0002835
0.568 0.000284
0.569 0.0002845
0.57 0.000285
0.571 0.0002855
0.572 0.000286
0.573 0.0002865
0.574 0.000287
0.575 0.0002875
0.576 0.000288
0.577 0.0002885
0.578 0.000289
0.579 0.0002895
0.58 0.00029
0.581 0.0002905
0.582 0.000291
0.583 0.0002915
0.584 0.000292
0.585 0.0002925
0.586 0.000293
0.587 0.0002935
0.588 0.000294
0.589 0.0002945
0.59 0.000295
0.591 0.0002955
0.592 0.000296
0.593 0.0002965
0.594 0.000297
0.595 0.0002975
0.596 0.000298
0.597 0.0002985
0.598 0.000299
0.599 0.0002995
0.6 0.0003
0.601 0.0003005
0.602 0.000301
0.603 0.0003015
0.604 0.000302
0.605 0.0003025
0.606 0.000303
0.607 0.0003035
0.608 0.000304
0.609 0.0003045
0.61 0.000305
0.611 0.0003055
0.612 0.000306
0.613 0.0003065
0.614 0.000307
0.615 0.0003075
0.616 0.000308
0.617 0.0003085
0.618 0.000309
0.619 0.0003095
0.62 0.00031
0.621 0.0003105
0.622 0.000311
0.623 0.0003115
0.624 0.000312
0.625 0.0003125
0.626 0.000313
0.627 0.0003135
0.628 0.000314
0.629 0.0003145
0.63 0.000315
0.631 0.0003155
0.632 0.000316
0.633 0.0003165
0.634 0.000317
0.635 0.0003175
0.636 0.000318
0.637 0.0003185
0.638 0.000319
0.639 0.0003195
0.64 0.00032
0.641 0.0003205
0.642 0.000321
0.643 0.0003215
0.644 0.000322
0.645 0.0003225
0.646 0.000323
0.647 0.0003235
0.648 0.000324
0.649 0.0003245
0.65 0.000325
0.651 0.0003255
0.652 0.000326
0.653 0.0003265
0.654 0.000327
0.655 0.0003275
0.656 0.000328
0.657 0.0003285
0.658 0.000329
0.659 0.0003295
0.66 0.00033
0.661 0.0003305
0.662 0.000331
0.663 0.0003315
0.664 0.000332
0.665 0.0003325
0.666 0.000333
0.667 0.0003335
0.668 0.000334
0.669 0.0003345
0.67 0.000335
0.671 0.0003355
0.672 0.000336
0.673 0.0003365
0.674 0.000337
0.675 0.0003375
0.676 0.000338
0.677 0.0003385
0.678 0.000339
0.679 0.0003395
0.68 0.00034
0.681 0.0003405
0.682 0.000341
0.683 0.0003415
0.684 0.000342
0.685 0.0003425
0.686 0.000343
0.687 0.0003435
0.688 0.000344
0.689 0.0003445
0.69 0.000345
0.691 0.0003455
0.692 0.000346
0.693 0.0003465
0.694 0.000347
0.695 0.0003475
0.696 0.000348
0.697 0.0003485
0.698 0.000349
0.699 0.0003495
0.7 0.00035
0.701 0.0003505
0.702 0.000351
0.703 0.0003515
0.704 0.000352
0.705 0.0003525
0.706 0.000353
0.707 0.0003535
0.708 0.000354
0.709 0.0003545
0.71 0.000355
0.711 0.0003555
0.712 0.000356
0.713 0.0003565
0.714 0.000357
0.715 0.0003575
0.716 0.000358
0.717 0.0003585
0.718 0.000359
0.719 0.0003595
0.72 0.00036
0.721 0.0003605
0.722 0.000361
0.723 0.0003615
0.724 0.000362
0.725 0.0003625
0.726 0.000363
0.727 0.0003635
0.728 0.000364
0.729 0.0003645
0.73 0.000365
0.731 0.0003655
0.732 0.000366
0.733 0.0003665
0.734 0.000367
0.735 0.0003675
0.736 0.000368
0.737 0.0003685
0.738 0.000369
0.739 0.0003695
0.74 0.00037
0.741 0.0003705
0.742 0.000371
0.743 0.0003715
0.744 0.000372
0.745 0.0003725
0.746 0.000373
0.747 0.0003735
0.748 0.000374
0.749 0.0003745
0.75 0.000375
0.751 0.0003755
0.752 0.000376
0.753 0.0003765
0.754 0.000377
0.755 0.0003775
0.756 0.000378
0.757 0.0003785
0.758 0.000379
0.759 0.0003795
0.76 0.00038
0.761 0.0003805
0.762 0.000381
0.763 0.0003815
0.764 0.000382
0.765 0.0003825
0.766 0.000383
0.767 0.0003835
0.768 0.000384
0.769 0.0003845
0.77 0.000385
0.771 0.0003855
0.772 0.000386
0.773 0.0003865
0.774 0.000387
0.775 0.0003875
0.776 0.000388
0.777 0.0003885
0.778 0.000389
0.779 0.0003895
0.78 0.00039
0.781 0.0003905
0.782 0.000391
0.783 0.0003915
0.784 0.000392
0.785 0.0003925
0.786 0.000393
0.787 0.0003935
0.788 0.000394
0.789 0.0003945
0.79 0.000395
0.791 0.0003955
0.792 0.000396
0.793 0.0003965
0.794 0.000397
0.795 0.0003975
0.796 0.000398
0.797 0.0003985
0.798 0.000399
0.799 0.0003995
0.8 0.0004
0.801 0.0004005
0.802 0.000401
0.803 0.0004015
0.804 0.000402
0.805 0.0004025
0.806 0.000403
0.807 0.0004035
0.808 0.000404
0.809 0.0004045
0.81 0.000405
0.811 0.0004055
0.812 0.000406
0.813 0.0004065
0.814 0.000407
0.815 0.0004075
0.816 0.000408
0.817 0.0004085
0.818 0.000409
0.819 0.0004095
0.82 0.00041
0.821 0.0004105
0.822 0.000411
0.823 0.0004115
0.824 0.000412
0.825 0.0004125
0.826 0.000413
0.827 0.0004135
0.828 0.000414
0.829 0.0004145
0.83 0.000415
0.831 0.0004155
0.832 0.000416
0.833 0.0004165
0.834 0.000417
0.835 0.0004175
0.836 0.000418
0.837 0.0004185
0.838 0.000419
0.839 0.0004195
0.84 0.00042
0.841 0.0004205
0.842 0.000421
0.843 0.0004215
0.844 0.000422
0.845 0.0004225
0.846 0.000423
0.847 0.0004235
0.848 0.000424
0.849 0.0004245
0.85 0.000425
0.851 0.0004255
0.852 0.000426
0.853 0.0004265
0.854 0.000427
0.855 0.0004275
0.856 0.000428
0.857 0.0004285
0.858 0.000429
0.859 0.0004295
0.86 0.00043
0.861 0.0004305
0.862 0.000430999
0.863 0.000431499
0.864 0.000431999
0.865 0.000432499
0.866 0.000432999
0.867 0.000433499
0.868 0.000433999
0.869 0.000434498
0.87 0.000434998
0.871 0.000435498
0.872 0.000435998
0.873 0.000436497
0.874 0.000436997
0.875 0.000437496
0.876 0.000437996
0.877 0.000438495
0.878 0.000438994
0.879 0.000439493
0.88 0.000439992
0.881 0.000440491
0.882 0.00044099
0.883 0.000441488
0.884 0.000441987
0.885 0.000442485
0.886 0.000442982
0.887 0.00044348
0.888 0.000443977
0.889 0.000444474
0.89 0.00044497
0.891 0.000445466
0.892 0.000445961
0.893 0.000446456
0.894 0.000446949
0.895 0.000447442
0.896 0.000447935
0.897 0.000448426
0.898 0.000448916
0.899 0.000449405
0.9 0.000449892
0.901 0.000450378
0.902 0.000450862
0.903 0.000451344
0.904 0.000451824
0.905 0.000452302
0.906 0.000452777
0.907 0.000453249
0.908 0.000453718
0.909 0.000454183
0.91 0.000454644
0.911 0.000455101
0.912 0.000455553
0.913 0.000455999
0.914 0.00045644
0.915 0.000456874
0.916 0.000457301
0.917 0.00045772
0.918 0.00045813
0.919 0.000458531
0.92 0.000458922
0.921 0.000459301
0.922 0.000459667
0.923 0.00046002
0.924 0.000460358
0.925 0.00046068
0.926 0.000460985
0.927 0.000461269
0.928 0.000461533
0.929 0.000461775
0.93 0.000461991
0.931 0.000462181
0.932 0.000462341
0.933 0.00046247
0.934 0.000462565
0.935 0.000462623
0.936 0.000462641
0.937 0.000462616
0.938 0.000462545
0.939 0.000462424
0.94 0.000462249
0.941 0.000462017
0.942 0.000461722
0.943 0.00046136
0.944 0.000460928
0.945 0.000460418
0.946 0.000459827
0.947 0.000459147
0.948 0.000458375
0.949 0.000457501
0.95 0.000456522
0.951 0.000455428
0.952 0.000454213
0.953 0.000452868
0.954 0.000451387
0.955 0.000449759
0.956 0.000447977
0.957 0.000446031
0.958 0.000443911
0.959 0.000441606
0.96 0.000439107
0.961 0.000436402
0.962 0.000433479
0.963 0.000430326
0.964 0.000426932
0.965 0.000423282
0.966 0.000419364
0.967 0.000415163
0.968 0.000410666
0.969 0.000405857
0.97 0.000400721
0.971 0.000395242
0.972 0.000389403
0.973 0.000383189
0.974 0.000376581
0.975 0.000369563
0.976 0.000362115
0.977 0.000354219
0.978 0.000345855
0.979 0.000337005
0.98 0.000327649
0.981 0.000317765
0.982 0.000307333
0.983 0.000296331
0.984 0.000284739
0.985 0.000272534
0.986 0.000259693
0.987 0.000246194
0.988 0.000232014
0.989 0.00021713
0.99 0.000201518
0.991 0.000185153
0.992 0.000168013
0.993 0.000150073
0.994 0.000131307
0.995 0.000111692
0.996 9.12026e-05
0.997 6.98137e-05
0.998 4.75005e-05
0.999 2.42376e-05
1 0
