[0]  [0] 
[0.001]  [1e-09] 
[0.002]  [2e-09] 
[0.003]  [3e-09] 
[0.004]  [4e-09] 
[0.005]  [5e-09] 
[0.006]  [6e-09] 
[0.007]  [7e-09] 
[0.008]  [8e-09] 
[0.009]  [9e-09] 
[0.01]  [1e-08] 
[0.011]  [1.1e-08] 
[0.012]  [1.2e-08] 
[0.013]  [1.3e-08] 
[0.014]  [1.4e-08] 
[0.015]  [1.5e-08] 
[0.016]  [1.6e-08] 
[0.017]  [1.7e-08] 
[0.018]  [1.8e-08] 
[0.019]  [1.9e-08] 
[0.02]  [2e-08] 
[0.021]  [2.1e-08] 
[0.022]  [2.2e-08] 
[0.023]  [2.3e-08] 
[0.024]  [2.4e-08] 
[0.025]  [2.5e-08] 
[0.026]  [2.6e-08] 
[0.027]  [2.7e-08] 
[0.028]  [2.8e-08] 
[0.029]  [2.9e-08] 
[0.03]  [3e-08] 
[0.031]  [3.1e-08] 
[0.032]  [3.2e-08] 
[0.033]  [3.3e-08] 
[0.034]  [3.4e-08] 
[0.035]  [3.5e-08] 
[0.036]  [3.6e-08] 
[0.037]  [3.7e-08] 
[0.038]  [3.8e-08] 
[0.039]  [3.9e-08] 
[0.04]  [4e-08] 
[0.041]  [4.1e-08] 
[0.042]  [4.2e-08] 
[0.043]  [4.3e-08] 
[0.044]  [4.4e-08] 
[0.045]  [4.5e-08] 
[0.046]  [4.6e-08] 
[0.047]  [4.7e-08] 
[0.048]  [4.8e-08] 
[0.049]  [4.9e-08] 
[0.05]  [5e-08] 
[0.051]  [5.1e-08] 
[0.052]  [5.2e-08] 
[0.053]  [5.3e-08] 
[0.054]  [5.4e-08] 
[0.055]  [5.5e-08] 
[0.056]  [5.6e-08] 
[0.057]  [5.7e-08] 
[0.058]  [5.8e-08] 
[0.059]  [5.9e-08] 
[0.06]  [6e-08] 
[0.061]  [6.1e-08] 
[0.062]  [6.2e-08] 
[0.063]  [6.3e-08] 
[0.064]  [6.4e-08] 
[0.065]  [6.5e-08] 
[0.066]  [6.6e-08] 
[0.067]  [6.7e-08] 
[0.068]  [6.8e-08] 
[0.069]  [6.9e-08] 
[0.07]  [7e-08] 
[0.071]  [7.1e-08] 
[0.072]  [7.2e-08] 
[0.073]  [7.3e-08] 
[0.074]  [7.4e-08] 
[0.075]  [7.5e-08] 
[0.076]  [7.6e-08] 
[0.077]  [7.7e-08] 
[0.078]  [7.8e-08] 
[0.079]  [7.9e-08] 
[0.08]  [8e-08] 
[0.081]  [8.1e-08] 
[0.082]  [8.2e-08] 
[0.083]  [8.3e-08] 
[0.084]  [8.4e-08] 
[0.085]  [8.5e-08] 
[0.086]  [8.6e-08] 
[0.087]  [8.7e-08] 
[0.088]  [8.8e-08] 
[0.089]  [8.9e-08] 
[0.09]  [9e-08] 
[0.091]  [9.1e-08] 
[0.092]  [9.2e-08] 
[0.093]  [9.3e-08] 
[0.094]  [9.4e-08] 
[0.095]  [9.5e-08] 
[0.096]  [9.6e-08] 
[0.097]  [9.7e-08] 
[0.098]  [9.8e-08] 
[0.099]  [9.9e-08] 
[0.1]  [1e-07] 
[0.101]  [1.01e-07] 
[0.102]  [1.02e-07] 
[0.103]  [1.03e-07] 
[0.104]  [1.04e-07] 
[0.105]  [1.05e-07] 
[0.106]  [1.06e-07] 
[0.107]  [1.07e-07] 
[0.108]  [1.08e-07] 
[0.109]  [1.09e-07] 
[0.11]  [1.1e-07] 
[0.111]  [1.11e-07] 
[0.112]  [1.12e-07] 
[0.113]  [1.13e-07] 
[0.114]  [1.14e-07] 
[0.115]  [1.15e-07] 
[0.116]  [1.16e-07] 
[0.117]  [1.17e-07] 
[0.118]  [1.18e-07] 
[0.119]  [1.19e-07] 
[0.12]  [1.2e-07] 
[0.121]  [1.21e-07] 
[0.122]  [1.22e-07] 
[0.123]  [1.23e-07] 
[0.124]  [1.24e-07] 
[0.125]  [1.25e-07] 
[0.126]  [1.26e-07] 
[0.127]  [1.27e-07] 
[0.128]  [1.28e-07] 
[0.129]  [1.29e-07] 
[0.13]  [1.3e-07] 
[0.131]  [1.31e-07] 
[0.132]  [1.32e-07] 
[0.133]  [1.33e-07] 
[0.134]  [1.34e-07] 
[0.135]  [1.35e-07] 
[0.136]  [1.36e-07] 
[0.137]  [1.37e-07] 
[0.138]  [1.38e-07] 
[0.139]  [1.39e-07] 
[0.14]  [1.4e-07] 
[0.141]  [1.41e-07] 
[0.142]  [1.42e-07] 
[0.143]  [1.43e-07] 
[0.144]  [1.44e-07] 
[0.145]  [1.45e-07] 
[0.146]  [1.46e-07] 
[0.147]  [1.47e-07] 
[0.148]  [1.48e-07] 
[0.149]  [1.49e-07] 
[0.15]  [1.5e-07] 
[0.151]  [1.51e-07] 
[0.152]  [1.52e-07] 
[0.153]  [1.53e-07] 
[0.154]  [1.54e-07] 
[0.155]  [1.55e-07] 
[0.156]  [1.56e-07] 
[0.157]  [1.57e-07] 
[0.158]  [1.58e-07] 
[0.159]  [1.59e-07] 
[0.16]  [1.6e-07] 
[0.161]  [1.61e-07] 
[0.162]  [1.62e-07] 
[0.163]  [1.63e-07] 
[0.164]  [1.64e-07] 
[0.165]  [1.65e-07] 
[0.166]  [1.66e-07] 
[0.167]  [1.67e-07] 
[0.168]  [1.68e-07] 
[0.169]  [1.69e-07] 
[0.17]  [1.7e-07] 
[0.171]  [1.71e-07] 
[0.172]  [1.72e-07] 
[0.173]  [1.73e-07] 
[0.174]  [1.74e-07] 
[0.175]  [1.75e-07] 
[0.176]  [1.76e-07] 
[0.177]  [1.77e-07] 
[0.178]  [1.78e-07] 
[0.179]  [1.79e-07] 
[0.18]  [1.8e-07] 
[0.181]  [1.81e-07] 
[0.182]  [1.82e-07] 
[0.183]  [1.83e-07] 
[0.184]  [1.84e-07] 
[0.185]  [1.85e-07] 
[0.186]  [1.86e-07] 
[0.187]  [1.87e-07] 
[0.188]  [1.88e-07] 
[0.189]  [1.89e-07] 
[0.19]  [1.9e-07] 
[0.191]  [1.91e-07] 
[0.192]  [1.92e-07] 
[0.193]  [1.93e-07] 
[0.194]  [1.94e-07] 
[0.195]  [1.95e-07] 
[0.196]  [1.96e-07] 
[0.197]  [1.97e-07] 
[0.198]  [1.98e-07] 
[0.199]  [1.99e-07] 
[0.2]  [2e-07] 
[0.201]  [2.01e-07] 
[0.202]  [2.02e-07] 
[0.203]  [2.03e-07] 
[0.204]  [2.04e-07] 
[0.205]  [2.05e-07] 
[0.206]  [2.06e-07] 
[0.207]  [2.07e-07] 
[0.208]  [2.08e-07] 
[0.209]  [2.09e-07] 
[0.21]  [2.1e-07] 
[0.211]  [2.11e-07] 
[0.212]  [2.12e-07] 
[0.213]  [2.13e-07] 
[0.214]  [2.14e-07] 
[0.215]  [2.15e-07] 
[0.216]  [2.16e-07] 
[0.217]  [2.17e-07] 
[0.218]  [2.18e-07] 
[0.219]  [2.19e-07] 
[0.22]  [2.2e-07] 
[0.221]  [2.21e-07] 
[0.222]  [2.22e-07] 
[0.223]  [2.23e-07] 
[0.224]  [2.24e-07] 
[0.225]  [2.25e-07] 
[0.226]  [2.26e-07] 
[0.227]  [2.27e-07] 
[0.228]  [2.28e-07] 
[0.229]  [2.29e-07] 
[0.23]  [2.3e-07] 
[0.231]  [2.31e-07] 
[0.232]  [2.32e-07] 
[0.233]  [2.33e-07] 
[0.234]  [2.34e-07] 
[0.235]  [2.35e-07] 
[0.236]  [2.36e-07] 
[0.237]  [2.37e-07] 
[0.238]  [2.38e-07] 
[0.239]  [2.39e-07] 
[0.24]  [2.4e-07] 
[0.241]  [2.41e-07] 
[0.242]  [2.42e-07] 
[0.243]  [2.43e-07] 
[0.244]  [2.44e-07] 
[0.245]  [2.45e-07] 
[0.246]  [2.46e-07] 
[0.247]  [2.47e-07] 
[0.248]  [2.48e-07] 
[0.249]  [2.49e-07] 
[0.25]  [2.5e-07] 
[0.251]  [2.51e-07] 
[0.252]  [2.52e-07] 
[0.253]  [2.53e-07] 
[0.254]  [2.54e-07] 
[0.255]  [2.55e-07] 
[0.256]  [2.56e-07] 
[0.257]  [2.57e-07] 
[0.258]  [2.58e-07] 
[0.259]  [2.59e-07] 
[0.26]  [2.6e-07] 
[0.261]  [2.61e-07] 
[0.262]  [2.62e-07] 
[0.263]  [2.63e-07] 
[0.264]  [2.64e-07] 
[0.265]  [2.65e-07] 
[0.266]  [2.66e-07] 
[0.267]  [2.67e-07] 
[0.268]  [2.68e-07] 
[0.269]  [2.69e-07] 
[0.27]  [2.7e-07] 
[0.271]  [2.71e-07] 
[0.272]  [2.72e-07] 
[0.273]  [2.73e-07] 
[0.274]  [2.74e-07] 
[0.275]  [2.75e-07] 
[0.276]  [2.76e-07] 
[0.277]  [2.77e-07] 
[0.278]  [2.78e-07] 
[0.279]  [2.79e-07] 
[0.28]  [2.8e-07] 
[0.281]  [2.81e-07] 
[0.282]  [2.82e-07] 
[0.283]  [2.83e-07] 
[0.284]  [2.84e-07] 
[0.285]  [2.85e-07] 
[0.286]  [2.86e-07] 
[0.287]  [2.87e-07] 
[0.288]  [2.88e-07] 
[0.289]  [2.89e-07] 
[0.29]  [2.9e-07] 
[0.291]  [2.91e-07] 
[0.292]  [2.92e-07] 
[0.293]  [2.93e-07] 
[0.294]  [2.94e-07] 
[0.295]  [2.95e-07] 
[0.296]  [2.96e-07] 
[0.297]  [2.97e-07] 
[0.298]  [2.98e-07] 
[0.299]  [2.99e-07] 
[0.3]  [3e-07] 
[0.301]  [3.01e-07] 
[0.302]  [3.02e-07] 
[0.303]  [3.03e-07] 
[0.304]  [3.04e-07] 
[0.305]  [3.05e-07] 
[0.306]  [3.06e-07] 
[0.307]  [3.07e-07] 
[0.308]  [3.08e-07] 
[0.309]  [3.09e-07] 
[0.31]  [3.1e-07] 
[0.311]  [3.11e-07] 
[0.312]  [3.12e-07] 
[0.313]  [3.13e-07] 
[0.314]  [3.14e-07] 
[0.315]  [3.15e-07] 
[0.316]  [3.16e-07] 
[0.317]  [3.17e-07] 
[0.318]  [3.18e-07] 
[0.319]  [3.19e-07] 
[0.32]  [3.2e-07] 
[0.321]  [3.21e-07] 
[0.322]  [3.22e-07] 
[0.323]  [3.23e-07] 
[0.324]  [3.24e-07] 
[0.325]  [3.25e-07] 
[0.326]  [3.26e-07] 
[0.327]  [3.27e-07] 
[0.328]  [3.28e-07] 
[0.329]  [3.29e-07] 
[0.33]  [3.3e-07] 
[0.331]  [3.31e-07] 
[0.332]  [3.32e-07] 
[0.333]  [3.33e-07] 
[0.334]  [3.34e-07] 
[0.335]  [3.35e-07] 
[0.336]  [3.36e-07] 
[0.337]  [3.37e-07] 
[0.338]  [3.38e-07] 
[0.339]  [3.39e-07] 
[0.34]  [3.4e-07] 
[0.341]  [3.41e-07] 
[0.342]  [3.42e-07] 
[0.343]  [3.43e-07] 
[0.344]  [3.44e-07] 
[0.345]  [3.45e-07] 
[0.346]  [3.46e-07] 
[0.347]  [3.47e-07] 
[0.348]  [3.48e-07] 
[0.349]  [3.49e-07] 
[0.35]  [3.5e-07] 
[0.351]  [3.51e-07] 
[0.352]  [3.52e-07] 
[0.353]  [3.53e-07] 
[0.354]  [3.54e-07] 
[0.355]  [3.55e-07] 
[0.356]  [3.56e-07] 
[0.357]  [3.57e-07] 
[0.358]  [3.58e-07] 
[0.359]  [3.59e-07] 
[0.36]  [3.6e-07] 
[0.361]  [3.61e-07] 
[0.362]  [3.62e-07] 
[0.363]  [3.63e-07] 
[0.364]  [3.64e-07] 
[0.365]  [3.65e-07] 
[0.366]  [3.66e-07] 
[0.367]  [3.67e-07] 
[0.368]  [3.68e-07] 
[0.369]  [3.69e-07] 
[0.37]  [3.7e-07] 
[0.371]  [3.71e-07] 
[0.372]  [3.72e-07] 
[0.373]  [3.73e-07] 
[0.374]  [3.74e-07] 
[0.375]  [3.75e-07] 
[0.376]  [3.76e-07] 
[0.377]  [3.77e-07] 
[0.378]  [3.78e-07] 
[0.379]  [3.79e-07] 
[0.38]  [3.8e-07] 
[0.381]  [3.81e-07] 
[0.382]  [3.82e-07] 
[0.383]  [3.83e-07] 
[0.384]  [3.84e-07] 
[0.385]  [3.85e-07] 
[0.386]  [3.86e-07] 
[0.387]  [3.87e-07] 
[0.388]  [3.88e-07] 
[0.389]  [3.89e-07] 
[0.39]  [3.9e-07] 
[0.391]  [3.91e-07] 
[0.392]  [3.92e-07] 
[0.393]  [3.93e-07] 
[0.394]  [3.94e-07] 
[0.395]  [3.95e-07] 
[0.396]  [3.96e-07] 
[0.397]  [3.97e-07] 
[0.398]  [3.98e-07] 
[0.399]  [3.99e-07] 
[0.4]  [4e-07] 
[0.401]  [4.01e-07] 
[0.402]  [4.02e-07] 
[0.403]  [4.03e-07] 
[0.404]  [4.04e-07] 
[0.405]  [4.05e-07] 
[0.406]  [4.06e-07] 
[0.407]  [4.07e-07] 
[0.408]  [4.08e-07] 
[0.409]  [4.09e-07] 
[0.41]  [4.1e-07] 
[0.411]  [4.11e-07] 
[0.412]  [4.12e-07] 
[0.413]  [4.13e-07] 
[0.414]  [4.14e-07] 
[0.415]  [4.15e-07] 
[0.416]  [4.16e-07] 
[0.417]  [4.17e-07] 
[0.418]  [4.18e-07] 
[0.419]  [4.19e-07] 
[0.42]  [4.2e-07] 
[0.421]  [4.21e-07] 
[0.422]  [4.22e-07] 
[0.423]  [4.23e-07] 
[0.424]  [4.24e-07] 
[0.425]  [4.25e-07] 
[0.426]  [4.26e-07] 
[0.427]  [4.27e-07] 
[0.428]  [4.28e-07] 
[0.429]  [4.29e-07] 
[0.43]  [4.3e-07] 
[0.431]  [4.31e-07] 
[0.432]  [4.32e-07] 
[0.433]  [4.33e-07] 
[0.434]  [4.34e-07] 
[0.435]  [4.35e-07] 
[0.436]  [4.36e-07] 
[0.437]  [4.37e-07] 
[0.438]  [4.38e-07] 
[0.439]  [4.39e-07] 
[0.44]  [4.4e-07] 
[0.441]  [4.41e-07] 
[0.442]  [4.42e-07] 
[0.443]  [4.43e-07] 
[0.444]  [4.44e-07] 
[0.445]  [4.45e-07] 
[0.446]  [4.46e-07] 
[0.447]  [4.47e-07] 
[0.448]  [4.48e-07] 
[0.449]  [4.49e-07] 
[0.45]  [4.5e-07] 
[0.451]  [4.51e-07] 
[0.452]  [4.52e-07] 
[0.453]  [4.53e-07] 
[0.454]  [4.54e-07] 
[0.455]  [4.55e-07] 
[0.456]  [4.56e-07] 
[0.457]  [4.57e-07] 
[0.458]  [4.58e-07] 
[0.459]  [4.59e-07] 
[0.46]  [4.6e-07] 
[0.461]  [4.61e-07] 
[0.462]  [4.62e-07] 
[0.463]  [4.63e-07] 
[0.464]  [4.64e-07] 
[0.465]  [4.65e-07] 
[0.466]  [4.66e-07] 
[0.467]  [4.67e-07] 
[0.468]  [4.68e-07] 
[0.469]  [4.69e-07] 
[0.47]  [4.7e-07] 
[0.471]  [4.71e-07] 
[0.472]  [4.72e-07] 
[0.473]  [4.73e-07] 
[0.474]  [4.74e-07] 
[0.475]  [4.75e-07] 
[0.476]  [4.76e-07] 
[0.477]  [4.77e-07] 
[0.478]  [4.78e-07] 
[0.479]  [4.79e-07] 
[0.48]  [4.8e-07] 
[0.481]  [4.81e-07] 
[0.482]  [4.82e-07] 
[0.483]  [4.83e-07] 
[0.484]  [4.84e-07] 
[0.485]  [4.85e-07] 
[0.486]  [4.86e-07] 
[0.487]  [4.87e-07] 
[0.488]  [4.88e-07] 
[0.489]  [4.89e-07] 
[0.49]  [4.9e-07] 
[0.491]  [4.91e-07] 
[0.492]  [4.92e-07] 
[0.493]  [4.93e-07] 
[0.494]  [4.94e-07] 
[0.495]  [4.95e-07] 
[0.496]  [4.96e-07] 
[0.497]  [4.97e-07] 
[0.498]  [4.98e-07] 
[0.499]  [4.99e-07] 
[0.5]  [5e-07] 
[0.501]  [5.01e-07] 
[0.502]  [5.02e-07] 
[0.503]  [5.03e-07] 
[0.504]  [5.04e-07] 
[0.505]  [5.05e-07] 
[0.506]  [5.06e-07] 
[0.507]  [5.07e-07] 
[0.508]  [5.08e-07] 
[0.509]  [5.09e-07] 
[0.51]  [5.1e-07] 
[0.511]  [5.11e-07] 
[0.512]  [5.12e-07] 
[0.513]  [5.13e-07] 
[0.514]  [5.14e-07] 
[0.515]  [5.15e-07] 
[0.516]  [5.16e-07] 
[0.517]  [5.17e-07] 
[0.518]  [5.18e-07] 
[0.519]  [5.19e-07] 
[0.52]  [5.2e-07] 
[0.521]  [5.21e-07] 
[0.522]  [5.22e-07] 
[0.523]  [5.23e-07] 
[0.524]  [5.24e-07] 
[0.525]  [5.25e-07] 
[0.526]  [5.26e-07] 
[0.527]  [5.27e-07] 
[0.528]  [5.28e-07] 
[0.529]  [5.29e-07] 
[0.53]  [5.3e-07] 
[0.531]  [5.31e-07] 
[0.532]  [5.32e-07] 
[0.533]  [5.33e-07] 
[0.534]  [5.34e-07] 
[0.535]  [5.35e-07] 
[0.536]  [5.36e-07] 
[0.537]  [5.37e-07] 
[0.538]  [5.38e-07] 
[0.539]  [5.39e-07] 
[0.54]  [5.4e-07] 
[0.541]  [5.41e-07] 
[0.542]  [5.42e-07] 
[0.543]  [5.43e-07] 
[0.544]  [5.44e-07] 
[0.545]  [5.45e-07] 
[0.546]  [5.46e-07] 
[0.547]  [5.47e-07] 
[0.548]  [5.48e-07] 
[0.549]  [5.49e-07] 
[0.55]  [5.5e-07] 
[0.551]  [5.51e-07] 
[0.552]  [5.52e-07] 
[0.553]  [5.53e-07] 
[0.554]  [5.54e-07] 
[0.555]  [5.55e-07] 
[0.556]  [5.56e-07] 
[0.557]  [5.57e-07] 
[0.558]  [5.58e-07] 
[0.559]  [5.59e-07] 
[0.56]  [5.6e-07] 
[0.561]  [5.61e-07] 
[0.562]  [5.62e-07] 
[0.563]  [5.63e-07] 
[0.564]  [5.64e-07] 
[0.565]  [5.65e-07] 
[0.566]  [5.66e-07] 
[0.567]  [5.67e-07] 
[0.568]  [5.68e-07] 
[0.569]  [5.69e-07] 
[0.57]  [5.7e-07] 
[0.571]  [5.71e-07] 
[0.572]  [5.72e-07] 
[0.573]  [5.73e-07] 
[0.574]  [5.74e-07] 
[0.575]  [5.75e-07] 
[0.576]  [5.76e-07] 
[0.577]  [5.77e-07] 
[0.578]  [5.78e-07] 
[0.579]  [5.79e-07] 
[0.58]  [5.8e-07] 
[0.581]  [5.81e-07] 
[0.582]  [5.82e-07] 
[0.583]  [5.83e-07] 
[0.584]  [5.84e-07] 
[0.585]  [5.85e-07] 
[0.586]  [5.86e-07] 
[0.587]  [5.87e-07] 
[0.588]  [5.88e-07] 
[0.589]  [5.89e-07] 
[0.59]  [5.9e-07] 
[0.591]  [5.91e-07] 
[0.592]  [5.92e-07] 
[0.593]  [5.93e-07] 
[0.594]  [5.94e-07] 
[0.595]  [5.95e-07] 
[0.596]  [5.96e-07] 
[0.597]  [5.97e-07] 
[0.598]  [5.98e-07] 
[0.599]  [5.99e-07] 
[0.6]  [6e-07] 
[0.601]  [6.01e-07] 
[0.602]  [6.02e-07] 
[0.603]  [6.03e-07] 
[0.604]  [6.04e-07] 
[0.605]  [6.05e-07] 
[0.606]  [6.06e-07] 
[0.607]  [6.07e-07] 
[0.608]  [6.08e-07] 
[0.609]  [6.09e-07] 
[0.61]  [6.1e-07] 
[0.611]  [6.11e-07] 
[0.612]  [6.12e-07] 
[0.613]  [6.13e-07] 
[0.614]  [6.14e-07] 
[0.615]  [6.15e-07] 
[0.616]  [6.16e-07] 
[0.617]  [6.17e-07] 
[0.618]  [6.18e-07] 
[0.619]  [6.19e-07] 
[0.62]  [6.2e-07] 
[0.621]  [6.21e-07] 
[0.622]  [6.22e-07] 
[0.623]  [6.23e-07] 
[0.624]  [6.24e-07] 
[0.625]  [6.25e-07] 
[0.626]  [6.26e-07] 
[0.627]  [6.27e-07] 
[0.628]  [6.28e-07] 
[0.629]  [6.29e-07] 
[0.63]  [6.3e-07] 
[0.631]  [6.31e-07] 
[0.632]  [6.32e-07] 
[0.633]  [6.33e-07] 
[0.634]  [6.34e-07] 
[0.635]  [6.35e-07] 
[0.636]  [6.36e-07] 
[0.637]  [6.37e-07] 
[0.638]  [6.38e-07] 
[0.639]  [6.39e-07] 
[0.64]  [6.4e-07] 
[0.641]  [6.41e-07] 
[0.642]  [6.42e-07] 
[0.643]  [6.43e-07] 
[0.644]  [6.44e-07] 
[0.645]  [6.45e-07] 
[0.646]  [6.46e-07] 
[0.647]  [6.47e-07] 
[0.648]  [6.48e-07] 
[0.649]  [6.49e-07] 
[0.65]  [6.5e-07] 
[0.651]  [6.51e-07] 
[0.652]  [6.52e-07] 
[0.653]  [6.53e-07] 
[0.654]  [6.54e-07] 
[0.655]  [6.55e-07] 
[0.656]  [6.56e-07] 
[0.657]  [6.57e-07] 
[0.658]  [6.58e-07] 
[0.659]  [6.59e-07] 
[0.66]  [6.6e-07] 
[0.661]  [6.61e-07] 
[0.662]  [6.62e-07] 
[0.663]  [6.63e-07] 
[0.664]  [6.64e-07] 
[0.665]  [6.65e-07] 
[0.666]  [6.66e-07] 
[0.667]  [6.67e-07] 
[0.668]  [6.68e-07] 
[0.669]  [6.69e-07] 
[0.67]  [6.7e-07] 
[0.671]  [6.71e-07] 
[0.672]  [6.72e-07] 
[0.673]  [6.73e-07] 
[0.674]  [6.74e-07] 
[0.675]  [6.75e-07] 
[0.676]  [6.76e-07] 
[0.677]  [6.77e-07] 
[0.678]  [6.78e-07] 
[0.679]  [6.79e-07] 
[0.68]  [6.8e-07] 
[0.681]  [6.81e-07] 
[0.682]  [6.82e-07] 
[0.683]  [6.83e-07] 
[0.684]  [6.84e-07] 
[0.685]  [6.85e-07] 
[0.686]  [6.86e-07] 
[0.687]  [6.87e-07] 
[0.688]  [6.88e-07] 
[0.689]  [6.89e-07] 
[0.69]  [6.9e-07] 
[0.691]  [6.91e-07] 
[0.692]  [6.92e-07] 
[0.693]  [6.93e-07] 
[0.694]  [6.94e-07] 
[0.695]  [6.95e-07] 
[0.696]  [6.96e-07] 
[0.697]  [6.97e-07] 
[0.698]  [6.98e-07] 
[0.699]  [6.99e-07] 
[0.7]  [7e-07] 
[0.701]  [7.01e-07] 
[0.702]  [7.02e-07] 
[0.703]  [7.03e-07] 
[0.704]  [7.04e-07] 
[0.705]  [7.05e-07] 
[0.706]  [7.06e-07] 
[0.707]  [7.07e-07] 
[0.708]  [7.08e-07] 
[0.709]  [7.09e-07] 
[0.71]  [7.1e-07] 
[0.711]  [7.11e-07] 
[0.712]  [7.12e-07] 
[0.713]  [7.13e-07] 
[0.714]  [7.14e-07] 
[0.715]  [7.15e-07] 
[0.716]  [7.16e-07] 
[0.717]  [7.17e-07] 
[0.718]  [7.18e-07] 
[0.719]  [7.19e-07] 
[0.72]  [7.2e-07] 
[0.721]  [7.21e-07] 
[0.722]  [7.22e-07] 
[0.723]  [7.23e-07] 
[0.724]  [7.24e-07] 
[0.725]  [7.25e-07] 
[0.726]  [7.26e-07] 
[0.727]  [7.27e-07] 
[0.728]  [7.28e-07] 
[0.729]  [7.29e-07] 
[0.73]  [7.3e-07] 
[0.731]  [7.31e-07] 
[0.732]  [7.32e-07] 
[0.733]  [7.33e-07] 
[0.734]  [7.34e-07] 
[0.735]  [7.35e-07] 
[0.736]  [7.36e-07] 
[0.737]  [7.37e-07] 
[0.738]  [7.38e-07] 
[0.739]  [7.39e-07] 
[0.74]  [7.4e-07] 
[0.741]  [7.41e-07] 
[0.742]  [7.42e-07] 
[0.743]  [7.43e-07] 
[0.744]  [7.44e-07] 
[0.745]  [7.45e-07] 
[0.746]  [7.46e-07] 
[0.747]  [7.47e-07] 
[0.748]  [7.48e-07] 
[0.749]  [7.49e-07] 
[0.75]  [7.5e-07] 
[0.751]  [7.51e-07] 
[0.752]  [7.52e-07] 
[0.753]  [7.53e-07] 
[0.754]  [7.54e-07] 
[0.755]  [7.55e-07] 
[0.756]  [7.56e-07] 
[0.757]  [7.57e-07] 
[0.758]  [7.58e-07] 
[0.759]  [7.59e-07] 
[0.76]  [7.6e-07] 
[0.761]  [7.61e-07] 
[0.762]  [7.62e-07] 
[0.763]  [7.63e-07] 
[0.764]  [7.64e-07] 
[0.765]  [7.65e-07] 
[0.766]  [7.66e-07] 
[0.767]  [7.67e-07] 
[0.768]  [7.68e-07] 
[0.769]  [7.69e-07] 
[0.77]  [7.7e-07] 
[0.771]  [7.71e-07] 
[0.772]  [7.72e-07] 
[0.773]  [7.73e-07] 
[0.774]  [7.74e-07] 
[0.775]  [7.75e-07] 
[0.776]  [7.76e-07] 
[0.777]  [7.77e-07] 
[0.778]  [7.78e-07] 
[0.779]  [7.79e-07] 
[0.78]  [7.8e-07] 
[0.781]  [7.81e-07] 
[0.782]  [7.82e-07] 
[0.783]  [7.83e-07] 
[0.784]  [7.84e-07] 
[0.785]  [7.85e-07] 
[0.786]  [7.86e-07] 
[0.787]  [7.87e-07] 
[0.788]  [7.88e-07] 
[0.789]  [7.89e-07] 
[0.79]  [7.9e-07] 
[0.791]  [7.91e-07] 
[0.792]  [7.92e-07] 
[0.793]  [7.93e-07] 
[0.794]  [7.94e-07] 
[0.795]  [7.95e-07] 
[0.796]  [7.96e-07] 
[0.797]  [7.97e-07] 
[0.798]  [7.98e-07] 
[0.799]  [7.99e-07] 
[0.8]  [8e-07] 
[0.801]  [8.01e-07] 
[0.802]  [8.02e-07] 
[0.803]  [8.03e-07] 
[0.804]  [8.04e-07] 
[0.805]  [8.05e-07] 
[0.806]  [8.06e-07] 
[0.807]  [8.07e-07] 
[0.808]  [8.08e-07] 
[0.809]  [8.09e-07] 
[0.81]  [8.1e-07] 
[0.811]  [8.11e-07] 
[0.812]  [8.12e-07] 
[0.813]  [8.13e-07] 
[0.814]  [8.14e-07] 
[0.815]  [8.15e-07] 
[0.816]  [8.16e-07] 
[0.817]  [8.17e-07] 
[0.818]  [8.18e-07] 
[0.819]  [8.19e-07] 
[0.82]  [8.2e-07] 
[0.821]  [8.21e-07] 
[0.822]  [8.22e-07] 
[0.823]  [8.23e-07] 
[0.824]  [8.24e-07] 
[0.825]  [8.25e-07] 
[0.826]  [8.26e-07] 
[0.827]  [8.27e-07] 
[0.828]  [8.28e-07] 
[0.829]  [8.29e-07] 
[0.83]  [8.3e-07] 
[0.831]  [8.31e-07] 
[0.832]  [8.32e-07] 
[0.833]  [8.33e-07] 
[0.834]  [8.34e-07] 
[0.835]  [8.35e-07] 
[0.836]  [8.36e-07] 
[0.837]  [8.37e-07] 
[0.838]  [8.38e-07] 
[0.839]  [8.39e-07] 
[0.84]  [8.4e-07] 
[0.841]  [8.41e-07] 
[0.842]  [8.42e-07] 
[0.843]  [8.43e-07] 
[0.844]  [8.44e-07] 
[0.845]  [8.45e-07] 
[0.846]  [8.46e-07] 
[0.847]  [8.47e-07] 
[0.848]  [8.48e-07] 
[0.849]  [8.49e-07] 
[0.85]  [8.5e-07] 
[0.851]  [8.51e-07] 
[0.852]  [8.52e-07] 
[0.853]  [8.53e-07] 
[0.854]  [8.54e-07] 
[0.855]  [8.55e-07] 
[0.856]  [8.56e-07] 
[0.857]  [8.57e-07] 
[0.858]  [8.58e-07] 
[0.859]  [8.59e-07] 
[0.86]  [8.6e-07] 
[0.861]  [8.61e-07] 
[0.862]  [8.62e-07] 
[0.863]  [8.63e-07] 
[0.864]  [8.64e-07] 
[0.865]  [8.65e-07] 
[0.866]  [8.66e-07] 
[0.867]  [8.67e-07] 
[0.868]  [8.68e-07] 
[0.869]  [8.69e-07] 
[0.87]  [8.7e-07] 
[0.871]  [8.71e-07] 
[0.872]  [8.72e-07] 
[0.873]  [8.73e-07] 
[0.874]  [8.74e-07] 
[0.875]  [8.75e-07] 
[0.876]  [8.76e-07] 
[0.877]  [8.77e-07] 
[0.878]  [8.78e-07] 
[0.879]  [8.79e-07] 
[0.88]  [8.8e-07] 
[0.881]  [8.81e-07] 
[0.882]  [8.82e-07] 
[0.883]  [8.83e-07] 
[0.884]  [8.84e-07] 
[0.885]  [8.85e-07] 
[0.886]  [8.86e-07] 
[0.887]  [8.87e-07] 
[0.888]  [8.88e-07] 
[0.889]  [8.89e-07] 
[0.89]  [8.9e-07] 
[0.891]  [8.91e-07] 
[0.892]  [8.92e-07] 
[0.893]  [8.93e-07] 
[0.894]  [8.94e-07] 
[0.895]  [8.95e-07] 
[0.896]  [8.96e-07] 
[0.897]  [8.97e-07] 
[0.898]  [8.98e-07] 
[0.899]  [8.99e-07] 
[0.9]  [9e-07] 
[0.901]  [9.01e-07] 
[0.902]  [9.02e-07] 
[0.903]  [9.03e-07] 
[0.904]  [9.04e-07] 
[0.905]  [9.05e-07] 
[0.906]  [9.06e-07] 
[0.907]  [9.07e-07] 
[0.908]  [9.08e-07] 
[0.909]  [9.09e-07] 
[0.91]  [9.1e-07] 
[0.911]  [9.11e-07] 
[0.912]  [9.12e-07] 
[0.913]  [9.13e-07] 
[0.914]  [9.14e-07] 
[0.915]  [9.15e-07] 
[0.916]  [9.16e-07] 
[0.917]  [9.17e-07] 
[0.918]  [9.18e-07] 
[0.919]  [9.19e-07] 
[0.92]  [9.2e-07] 
[0.921]  [9.21e-07] 
[0.922]  [9.22e-07] 
[0.923]  [9.23e-07] 
[0.924]  [9.24e-07] 
[0.925]  [9.25e-07] 
[0.926]  [9.26e-07] 
[0.927]  [9.27e-07] 
[0.928]  [9.28e-07] 
[0.929]  [9.29e-07] 
[0.93]  [9.3e-07] 
[0.931]  [9.31e-07] 
[0.932]  [9.32e-07] 
[0.933]  [9.33e-07] 
[0.934]  [9.34e-07] 
[0.935]  [9.35e-07] 
[0.936]  [9.36e-07] 
[0.937]  [9.37e-07] 
[0.938]  [9.38e-07] 
[0.939]  [9.39e-07] 
[0.94]  [9.4e-07] 
[0.941]  [9.41e-07] 
[0.942]  [9.42e-07] 
[0.943]  [9.43e-07] 
[0.944]  [9.44e-07] 
[0.945]  [9.45e-07] 
[0.946]  [9.46e-07] 
[0.947]  [9.47e-07] 
[0.948]  [9.48e-07] 
[0.949]  [9.49e-07] 
[0.95]  [9.5e-07] 
[0.951]  [9.51e-07] 
[0.952]  [9.52e-07] 
[0.953]  [9.53e-07] 
[0.954]  [9.54e-07] 
[0.955]  [9.55e-07] 
[0.956]  [9.56e-07] 
[0.957]  [9.57e-07] 
[0.958]  [9.58e-07] 
[0.959]  [9.59e-07] 
[0.96]  [9.6e-07] 
[0.961]  [9.61e-07] 
[0.962]  [9.62e-07] 
[0.963]  [9.63e-07] 
[0.964]  [9.64e-07] 
[0.965]  [9.65e-07] 
[0.966]  [9.66e-07] 
[0.967]  [9.67e-07] 
[0.968]  [9.68e-07] 
[0.969]  [9.69e-07] 
[0.97]  [9.7e-07] 
[0.971]  [9.71e-07] 
[0.972]  [9.72e-07] 
[0.973]  [9.73e-07] 
[0.974]  [9.74e-07] 
[0.975]  [9.75e-07] 
[0.976]  [9.76e-07] 
[0.977]  [9.77e-07] 
[0.978]  [9.78e-07] 
[0.979]  [9.79e-07] 
[0.98]  [9.8e-07] 
[0.981]  [9.81e-07] 
[0.982]  [9.82e-07] 
[0.983]  [9.83e-07] 
[0.984]  [9.84e-07] 
[0.985]  [9.85e-07] 
[0.986]  [9.86e-07] 
[0.987]  [9.87e-07] 
[0.988]  [9.88e-07] 
[0.989]  [9.89e-07] 
[0.99]  [9.9e-07] 
[0.991]  [9.91e-07] 
[0.992]  [9.92e-07] 
[0.993]  [9.93e-07] 
[0.994]  [9.94e-07] 
[0.995]  [9.95e-07] 
[0.996]  [9.96e-07] 
[0.997]  [9.97e-07] 
[0.998]  [9.98e-07] 
[0.999]  [7.49e-07] 
[1]  [0] 
