0 0
0.001 5e-08
0.002 1e-07
0.003 1.5e-07
0.004 2e-07
0.005 2.5e-07
0.006 3e-07
0.007 3.5e-07
0.008 4e-07
0.009 4.5e-07
0.01 5e-07
0.011 5.5e-07
0.012 6e-07
0.013 6.5e-07
0.014 7e-07
0.015 7.5e-07
0.016 8e-07
0.017 8.5e-07
0.018 9e-07
0.019 9.5e-07
0.02 1e-06
0.021 1.05e-06
0.022 1.1e-06
0.023 1.15e-06
0.024 1.2e-06
0.025 1.25e-06
0.026 1.3e-06
0.027 1.35e-06
0.028 1.4e-06
0.029 1.45e-06
0.03 1.5e-06
0.031 1.55e-06
0.032 1.6e-06
0.033 1.65e-06
0.034 1.7e-06
0.035 1.75e-06
0.036 1.8e-06
0.037 1.85e-06
0.038 1.9e-06
0.039 1.95e-06
0.04 2e-06
0.041 2.05e-06
0.042 2.1e-06
0.043 2.15e-06
0.044 2.2e-06
0.045 2.25e-06
0.046 2.3e-06
0.047 2.35e-06
0.048 2.4e-06
0.049 2.45e-06
0.05 2.5e-06
0.051 2.55e-06
0.052 2.6e-06
0.053 2.65e-06
0.054 2.7e-06
0.055 2.75e-06
0.056 2.8e-06
0.057 2.85e-06
0.058 2.9e-06
0.059 2.95e-06
0.06 3e-06
0.061 3.05e-06
0.062 3.1e-06
0.063 3.15e-06
0.064 3.2e-06
0.065 3.25e-06
0.066 3.3e-06
0.067 3.35e-06
0.068 3.4e-06
0.069 3.45e-06
0.07 3.5e-06
0.071 3.55e-06
0.072 3.6e-06
0.073 3.65e-06
0.074 3.7e-06
0.075 3.75e-06
0.076 3.8e-06
0.077 3.85e-06
0.078 3.9e-06
0.079 3.95e-06
0.08 4e-06
0.081 4.05e-06
0.082 4.1e-06
0.083 4.15e-06
0.084 4.2e-06
0.085 4.25e-06
0.086 4.3e-06
0.087 4.35e-06
0.088 4.4e-06
0.089 4.45e-06
0.09 4.5e-06
0.091 4.55e-06
0.092 4.6e-06
0.093 4.65e-06
0.094 4.7e-06
0.095 4.75e-06
0.096 4.8e-06
0.097 4.85e-06
0.098 4.9e-06
0.099 4.95e-06
0.1 5e-06
0.101 5.05e-06
0.102 5.1e-06
0.103 5.15e-06
0.104 5.2e-06
0.105 5.25e-06
0.106 5.3e-06
0.107 5.35e-06
0.108 5.4e-06
0.109 5.45e-06
0.11 5.5e-06
0.111 5.55e-06
0.112 5.6e-06
0.113 5.65e-06
0.114 5.7e-06
0.115 5.75e-06
0.116 5.8e-06
0.117 5.85e-06
0.118 5.9e-06
0.119 5.95e-06
0.12 6e-06
0.121 6.05e-06
0.122 6.1e-06
0.123 6.15e-06
0.124 6.2e-06
0.125 6.25e-06
0.126 6.3e-06
0.127 6.35e-06
0.128 6.4e-06
0.129 6.45e-06
0.13 6.5e-06
0.131 6.55e-06
0.132 6.6e-06
0.133 6.65e-06
0.134 6.7e-06
0.135 6.75e-06
0.136 6.8e-06
0.137 6.85e-06
0.138 6.9e-06
0.139 6.95e-06
0.14 7e-06
0.141 7.05e-06
0.142 7.1e-06
0.143 7.15e-06
0.144 7.2e-06
0.145 7.25e-06
0.146 7.3e-06
0.147 7.35e-06
0.148 7.4e-06
0.149 7.45e-06
0.15 7.5e-06
0.151 7.55e-06
0.152 7.6e-06
0.153 7.65e-06
0.154 7.7e-06
0.155 7.75e-06
0.156 7.8e-06
0.157 7.85e-06
0.158 7.9e-06
0.159 7.95e-06
0.16 8e-06
0.161 8.05e-06
0.162 8.1e-06
0.163 8.15e-06
0.164 8.2e-06
0.165 8.25e-06
0.166 8.3e-06
0.167 8.35e-06
0.168 8.4e-06
0.169 8.45e-06
0.17 8.5e-06
0.171 8.55e-06
0.172 8.6e-06
0.173 8.65e-06
0.174 8.7e-06
0.175 8.75e-06
0.176 8.8e-06
0.177 8.85e-06
0.178 8.9e-06
0.179 8.95e-06
0.18 9e-06
0.181 9.05e-06
0.182 9.1e-06
0.183 9.15e-06
0.184 9.2e-06
0.185 9.25e-06
0.186 9.3e-06
0.187 9.35e-06
0.188 9.4e-06
0.189 9.45e-06
0.19 9.5e-06
0.191 9.55e-06
0.192 9.6e-06
0.193 9.65e-06
0.194 9.7e-06
0.195 9.75e-06
0.196 9.8e-06
0.197 9.85e-06
0.198 9.9e-06
0.199 9.95e-06
0.2 1e-05
0.201 1.005e-05
0.202 1.01e-05
0.203 1.015e-05
0.204 1.02e-05
0.205 1.025e-05
0.206 1.03e-05
0.207 1.035e-05
0.208 1.04e-05
0.209 1.045e-05
0.21 1.05e-05
0.211 1.055e-05
0.212 1.06e-05
0.213 1.065e-05
0.214 1.07e-05
0.215 1.075e-05
0.216 1.08e-05
0.217 1.085e-05
0.218 1.09e-05
0.219 1.095e-05
0.22 1.1e-05
0.221 1.105e-05
0.222 1.11e-05
0.223 1.115e-05
0.224 1.12e-05
0.225 1.125e-05
0.226 1.13e-05
0.227 1.135e-05
0.228 1.14e-05
0.229 1.145e-05
0.23 1.15e-05
0.231 1.155e-05
0.232 1.16e-05
0.233 1.165e-05
0.234 1.17e-05
0.235 1.175e-05
0.236 1.18e-05
0.237 1.185e-05
0.238 1.19e-05
0.239 1.195e-05
0.24 1.2e-05
0.241 1.205e-05
0.242 1.21e-05
0.243 1.215e-05
0.244 1.22e-05
0.245 1.225e-05
0.246 1.23e-05
0.247 1.235e-05
0.248 1.24e-05
0.249 1.245e-05
0.25 1.25e-05
0.251 1.255e-05
0.252 1.26e-05
0.253 1.265e-05
0.254 1.27e-05
0.255 1.275e-05
0.256 1.28e-05
0.257 1.285e-05
0.258 1.29e-05
0.259 1.295e-05
0.26 1.3e-05
0.261 1.305e-05
0.262 1.31e-05
0.263 1.315e-05
0.264 1.32e-05
0.265 1.325e-05
0.266 1.33e-05
0.267 1.335e-05
0.268 1.34e-05
0.269 1.345e-05
0.27 1.35e-05
0.271 1.355e-05
0.272 1.36e-05
0.273 1.365e-05
0.274 1.37e-05
0.275 1.375e-05
0.276 1.38e-05
0.277 1.385e-05
0.278 1.39e-05
0.279 1.395e-05
0.28 1.4e-05
0.281 1.405e-05
0.282 1.41e-05
0.283 1.415e-05
0.284 1.42e-05
0.285 1.425e-05
0.286 1.43e-05
0.287 1.435e-05
0.288 1.44e-05
0.289 1.445e-05
0.29 1.45e-05
0.291 1.455e-05
0.292 1.46e-05
0.293 1.465e-05
0.294 1.47e-05
0.295 1.475e-05
0.296 1.48e-05
0.297 1.485e-05
0.298 1.49e-05
0.299 1.495e-05
0.3 1.5e-05
0.301 1.505e-05
0.302 1.51e-05
0.303 1.515e-05
0.304 1.52e-05
0.305 1.525e-05
0.306 1.53e-05
0.307 1.535e-05
0.308 1.54e-05
0.309 1.545e-05
0.31 1.55e-05
0.311 1.555e-05
0.312 1.56e-05
0.313 1.565e-05
0.314 1.57e-05
0.315 1.575e-05
0.316 1.58e-05
0.317 1.585e-05
0.318 1.59e-05
0.319 1.595e-05
0.32 1.6e-05
0.321 1.605e-05
0.322 1.61e-05
0.323 1.615e-05
0.324 1.62e-05
0.325 1.625e-05
0.326 1.63e-05
0.327 1.635e-05
0.328 1.64e-05
0.329 1.645e-05
0.33 1.65e-05
0.331 1.655e-05
0.332 1.66e-05
0.333 1.665e-05
0.334 1.67e-05
0.335 1.675e-05
0.336 1.68e-05
0.337 1.685e-05
0.338 1.69e-05
0.339 1.695e-05
0.34 1.7e-05
0.341 1.705e-05
0.342 1.71e-05
0.343 1.715e-05
0.344 1.72e-05
0.345 1.725e-05
0.346 1.73e-05
0.347 1.735e-05
0.348 1.74e-05
0.349 1.745e-05
0.35 1.75e-05
0.351 1.755e-05
0.352 1.76e-05
0.353 1.765e-05
0.354 1.77e-05
0.355 1.775e-05
0.356 1.78e-05
0.357 1.785e-05
0.358 1.79e-05
0.359 1.795e-05
0.36 1.8e-05
0.361 1.805e-05
0.362 1.81e-05
0.363 1.815e-05
0.364 1.82e-05
0.365 1.825e-05
0.366 1.83e-05
0.367 1.835e-05
0.368 1.84e-05
0.369 1.845e-05
0.37 1.85e-05
0.371 1.855e-05
0.372 1.86e-05
0.373 1.865e-05
0.374 1.87e-05
0.375 1.875e-05
0.376 1.88e-05
0.377 1.885e-05
0.378 1.89e-05
0.379 1.895e-05
0.38 1.9e-05
0.381 1.905e-05
0.382 1.91e-05
0.383 1.915e-05
0.384 1.92e-05
0.385 1.925e-05
0.386 1.93e-05
0.387 1.935e-05
0.388 1.94e-05
0.389 1.945e-05
0.39 1.95e-05
0.391 1.955e-05
0.392 1.96e-05
0.393 1.965e-05
0.394 1.97e-05
0.395 1.975e-05
0.396 1.98e-05
0.397 1.985e-05
0.398 1.99e-05
0.399 1.995e-05
0.4 2e-05
0.401 2.005e-05
0.402 2.01e-05
0.403 2.015e-05
0.404 2.02e-05
0.405 2.025e-05
0.406 2.03e-05
0.407 2.035e-05
0.408 2.04e-05
0.409 2.045e-05
0.41 2.05e-05
0.411 2.055e-05
0.412 2.06e-05
0.413 2.065e-05
0.414 2.07e-05
0.415 2.075e-05
0.416 2.08e-05
0.417 2.085e-05
0.418 2.09e-05
0.419 2.095e-05
0.42 2.1e-05
0.421 2.105e-05
0.422 2.11e-05
0.423 2.115e-05
0.424 2.12e-05
0.425 2.125e-05
0.426 2.13e-05
0.427 2.135e-05
0.428 2.14e-05
0.429 2.145e-05
0.43 2.15e-05
0.431 2.155e-05
0.432 2.16e-05
0.433 2.165e-05
0.434 2.17e-05
0.435 2.175e-05
0.436 2.18e-05
0.437 2.185e-05
0.438 2.19e-05
0.439 2.195e-05
0.44 2.2e-05
0.441 2.205e-05
0.442 2.21e-05
0.443 2.215e-05
0.444 2.22e-05
0.445 2.225e-05
0.446 2.23e-05
0.447 2.235e-05
0.448 2.24e-05
0.449 2.245e-05
0.45 2.25e-05
0.451 2.255e-05
0.452 2.26e-05
0.453 2.265e-05
0.454 2.27e-05
0.455 2.275e-05
0.456 2.28e-05
0.457 2.285e-05
0.458 2.29e-05
0.459 2.295e-05
0.46 2.3e-05
0.461 2.305e-05
0.462 2.31e-05
0.463 2.315e-05
0.464 2.32e-05
0.465 2.325e-05
0.466 2.33e-05
0.467 2.335e-05
0.468 2.34e-05
0.469 2.345e-05
0.47 2.35e-05
0.471 2.355e-05
0.472 2.36e-05
0.473 2.365e-05
0.474 2.37e-05
0.475 2.375e-05
0.476 2.38e-05
0.477 2.385e-05
0.478 2.39e-05
0.479 2.395e-05
0.48 2.4e-05
0.481 2.405e-05
0.482 2.41e-05
0.483 2.415e-05
0.484 2.42e-05
0.485 2.425e-05
0.486 2.43e-05
0.487 2.435e-05
0.488 2.44e-05
0.489 2.445e-05
0.49 2.45e-05
0.491 2.455e-05
0.492 2.46e-05
0.493 2.465e-05
0.494 2.47e-05
0.495 2.475e-05
0.496 2.48e-05
0.497 2.485e-05
0.498 2.49e-05
0.499 2.495e-05
0.5 2.5e-05
0.501 2.505e-05
0.502 2.51e-05
0.503 2.515e-05
0.504 2.52e-05
0.505 2.525e-05
0.506 2.53e-05
0.507 2.535e-05
0.508 2.54e-05
0.509 2.545e-05
0.51 2.55e-05
0.511 2.555e-05
0.512 2.56e-05
0.513 2.565e-05
0.514 2.57e-05
0.515 2.575e-05
0.516 2.58e-05
0.517 2.585e-05
0.518 2.59e-05
0.519 2.595e-05
0.52 2.6e-05
0.521 2.605e-05
0.522 2.61e-05
0.523 2.615e-05
0.524 2.62e-05
0.525 2.625e-05
0.526 2.63e-05
0.527 2.635e-05
0.528 2.64e-05
0.529 2.645e-05
0.53 2.65e-05
0.531 2.655e-05
0.532 2.66e-05
0.533 2.665e-05
0.534 2.67e-05
0.535 2.675e-05
0.536 2.68e-05
0.537 2.685e-05
0.538 2.69e-05
0.539 2.695e-05
0.54 2.7e-05
0.541 2.705e-05
0.542 2.71e-05
0.543 2.715e-05
0.544 2.72e-05
0.545 2.725e-05
0.546 2.73e-05
0.547 2.735e-05
0.548 2.74e-05
0.549 2.745e-05
0.55 2.75e-05
0.551 2.755e-05
0.552 2.76e-05
0.553 2.765e-05
0.554 2.77e-05
0.555 2.775e-05
0.556 2.78e-05
0.557 2.785e-05
0.558 2.79e-05
0.559 2.795e-05
0.56 2.8e-05
0.561 2.805e-05
0.562 2.81e-05
0.563 2.815e-05
0.564 2.82e-05
0.565 2.825e-05
0.566 2.83e-05
0.567 2.835e-05
0.568 2.84e-05
0.569 2.845e-05
0.57 2.85e-05
0.571 2.855e-05
0.572 2.86e-05
0.573 2.865e-05
0.574 2.87e-05
0.575 2.875e-05
0.576 2.88e-05
0.577 2.885e-05
0.578 2.89e-05
0.579 2.895e-05
0.58 2.9e-05
0.581 2.905e-05
0.582 2.91e-05
0.583 2.915e-05
0.584 2.92e-05
0.585 2.925e-05
0.586 2.93e-05
0.587 2.935e-05
0.588 2.94e-05
0.589 2.945e-05
0.59 2.95e-05
0.591 2.955e-05
0.592 2.96e-05
0.593 2.965e-05
0.594 2.97e-05
0.595 2.975e-05
0.596 2.98e-05
0.597 2.985e-05
0.598 2.99e-05
0.599 2.995e-05
0.6 3e-05
0.601 3.005e-05
0.602 3.01e-05
0.603 3.015e-05
0.604 3.02e-05
0.605 3.025e-05
0.606 3.03e-05
0.607 3.035e-05
0.608 3.04e-05
0.609 3.045e-05
0.61 3.05e-05
0.611 3.055e-05
0.612 3.06e-05
0.613 3.065e-05
0.614 3.07e-05
0.615 3.075e-05
0.616 3.08e-05
0.617 3.085e-05
0.618 3.09e-05
0.619 3.095e-05
0.62 3.1e-05
0.621 3.105e-05
0.622 3.11e-05
0.623 3.115e-05
0.624 3.12e-05
0.625 3.125e-05
0.626 3.13e-05
0.627 3.135e-05
0.628 3.14e-05
0.629 3.145e-05
0.63 3.15e-05
0.631 3.155e-05
0.632 3.16e-05
0.633 3.165e-05
0.634 3.17e-05
0.635 3.175e-05
0.636 3.18e-05
0.637 3.185e-05
0.638 3.19e-05
0.639 3.195e-05
0.64 3.2e-05
0.641 3.205e-05
0.642 3.21e-05
0.643 3.215e-05
0.644 3.22e-05
0.645 3.225e-05
0.646 3.23e-05
0.647 3.235e-05
0.648 3.24e-05
0.649 3.245e-05
0.65 3.25e-05
0.651 3.255e-05
0.652 3.26e-05
0.653 3.265e-05
0.654 3.27e-05
0.655 3.275e-05
0.656 3.28e-05
0.657 3.285e-05
0.658 3.29e-05
0.659 3.295e-05
0.66 3.3e-05
0.661 3.305e-05
0.662 3.31e-05
0.663 3.315e-05
0.664 3.32e-05
0.665 3.325e-05
0.666 3.33e-05
0.667 3.335e-05
0.668 3.34e-05
0.669 3.345e-05
0.67 3.35e-05
0.671 3.355e-05
0.672 3.36e-05
0.673 3.365e-05
0.674 3.37e-05
0.675 3.375e-05
0.676 3.38e-05
0.677 3.385e-05
0.678 3.39e-05
0.679 3.395e-05
0.68 3.4e-05
0.681 3.405e-05
0.682 3.41e-05
0.683 3.415e-05
0.684 3.42e-05
0.685 3.425e-05
0.686 3.43e-05
0.687 3.435e-05
0.688 3.44e-05
0.689 3.445e-05
0.69 3.45e-05
0.691 3.455e-05
0.692 3.46e-05
0.693 3.465e-05
0.694 3.47e-05
0.695 3.475e-05
0.696 3.48e-05
0.697 3.485e-05
0.698 3.49e-05
0.699 3.495e-05
0.7 3.5e-05
0.701 3.505e-05
0.702 3.51e-05
0.703 3.515e-05
0.704 3.52e-05
0.705 3.525e-05
0.706 3.53e-05
0.707 3.535e-05
0.708 3.54e-05
0.709 3.545e-05
0.71 3.55e-05
0.711 3.555e-05
0.712 3.56e-05
0.713 3.565e-05
0.714 3.57e-05
0.715 3.575e-05
0.716 3.58e-05
0.717 3.585e-05
0.718 3.59e-05
0.719 3.595e-05
0.72 3.6e-05
0.721 3.605e-05
0.722 3.61e-05
0.723 3.615e-05
0.724 3.62e-05
0.725 3.625e-05
0.726 3.63e-05
0.727 3.635e-05
0.728 3.64e-05
0.729 3.645e-05
0.73 3.65e-05
0.731 3.655e-05
0.732 3.66e-05
0.733 3.665e-05
0.734 3.67e-05
0.735 3.675e-05
0.736 3.68e-05
0.737 3.685e-05
0.738 3.69e-05
0.739 3.695e-05
0.74 3.7e-05
0.741 3.705e-05
0.742 3.71e-05
0.743 3.715e-05
0.744 3.72e-05
0.745 3.725e-05
0.746 3.73e-05
0.747 3.735e-05
0.748 3.74e-05
0.749 3.745e-05
0.75 3.75e-05
0.751 3.755e-05
0.752 3.76e-05
0.753 3.765e-05
0.754 3.77e-05
0.755 3.775e-05
0.756 3.78e-05
0.757 3.785e-05
0.758 3.79e-05
0.759 3.795e-05
0.76 3.8e-05
0.761 3.805e-05
0.762 3.81e-05
0.763 3.815e-05
0.764 3.82e-05
0.765 3.825e-05
0.766 3.83e-05
0.767 3.835e-05
0.768 3.84e-05
0.769 3.845e-05
0.77 3.85e-05
0.771 3.855e-05
0.772 3.86e-05
0.773 3.865e-05
0.774 3.87e-05
0.775 3.875e-05
0.776 3.88e-05
0.777 3.885e-05
0.778 3.89e-05
0.779 3.895e-05
0.78 3.9e-05
0.781 3.905e-05
0.782 3.91e-05
0.783 3.915e-05
0.784 3.92e-05
0.785 3.925e-05
0.786 3.93e-05
0.787 3.935e-05
0.788 3.94e-05
0.789 3.945e-05
0.79 3.95e-05
0.791 3.955e-05
0.792 3.96e-05
0.793 3.965e-05
0.794 3.97e-05
0.795 3.975e-05
0.796 3.98e-05
0.797 3.985e-05
0.798 3.99e-05
0.799 3.995e-05
0.8 4e-05
0.801 4.005e-05
0.802 4.01e-05
0.803 4.015e-05
0.804 4.02e-05
0.805 4.025e-05
0.806 4.03e-05
0.807 4.035e-05
0.808 4.04e-05
0.809 4.045e-05
0.81 4.05e-05
0.811 4.055e-05
0.812 4.06e-05
0.813 4.065e-05
0.814 4.07e-05
0.815 4.075e-05
0.816 4.08e-05
0.817 4.085e-05
0.818 4.09e-05
0.819 4.095e-05
0.82 4.1e-05
0.821 4.105e-05
0.822 4.11e-05
0.823 4.115e-05
0.824 4.12e-05
0.825 4.125e-05
0.826 4.13e-05
0.827 4.135e-05
0.828 4.14e-05
0.829 4.145e-05
0.83 4.15e-05
0.831 4.155e-05
0.832 4.16e-05
0.833 4.165e-05
0.834 4.17e-05
0.835 4.175e-05
0.836 4.18e-05
0.837 4.185e-05
0.838 4.19e-05
0.839 4.195e-05
0.84 4.2e-05
0.841 4.205e-05
0.842 4.21e-05
0.843 4.215e-05
0.844 4.22e-05
0.845 4.225e-05
0.846 4.23e-05
0.847 4.235e-05
0.848 4.24e-05
0.849 4.245e-05
0.85 4.25e-05
0.851 4.255e-05
0.852 4.26e-05
0.853 4.265e-05
0.854 4.27e-05
0.855 4.275e-05
0.856 4.28e-05
0.857 4.285e-05
0.858 4.29e-05
0.859 4.295e-05
0.86 4.3e-05
0.861 4.305e-05
0.862 4.31e-05
0.863 4.315e-05
0.864 4.32e-05
0.865 4.325e-05
0.866 4.33e-05
0.867 4.335e-05
0.868 4.34e-05
0.869 4.345e-05
0.87 4.35e-05
0.871 4.355e-05
0.872 4.36e-05
0.873 4.365e-05
0.874 4.37e-05
0.875 4.375e-05
0.876 4.38e-05
0.877 4.385e-05
0.878 4.39e-05
0.879 4.395e-05
0.88 4.4e-05
0.881 4.405e-05
0.882 4.41e-05
0.883 4.415e-05
0.884 4.42e-05
0.885 4.425e-05
0.886 4.43e-05
0.887 4.435e-05
0.888 4.44e-05
0.889 4.445e-05
0.89 4.45e-05
0.891 4.455e-05
0.892 4.46e-05
0.893 4.465e-05
0.894 4.47e-05
0.895 4.475e-05
0.896 4.48e-05
0.897 4.485e-05
0.898 4.49e-05
0.899 4.495e-05
0.9 4.5e-05
0.901 4.505e-05
0.902 4.51e-05
0.903 4.515e-05
0.904 4.52e-05
0.905 4.525e-05
0.906 4.53e-05
0.907 4.535e-05
0.908 4.54e-05
0.909 4.545e-05
0.91 4.55e-05
0.911 4.555e-05
0.912 4.56e-05
0.913 4.565e-05
0.914 4.57e-05
0.915 4.575e-05
0.916 4.58e-05
0.917 4.585e-05
0.918 4.59e-05
0.919 4.595e-05
0.92 4.6e-05
0.921 4.605e-05
0.922 4.61e-05
0.923 4.615e-05
0.924 4.62e-05
0.925 4.625e-05
0.926 4.63e-05
0.927 4.635e-05
0.928 4.64e-05
0.929 4.645e-05
0.93 4.65e-05
0.931 4.655e-05
0.932 4.66e-05
0.933 4.665e-05
0.934 4.67e-05
0.935 4.675e-05
0.936 4.68e-05
0.937 4.685e-05
0.938 4.69e-05
0.939 4.695e-05
0.94 4.7e-05
0.941 4.705e-05
0.942 4.71e-05
0.943 4.715e-05
0.944 4.72e-05
0.945 4.725e-05
0.946 4.73e-05
0.947 4.735e-05
0.948 4.74e-05
0.949 4.745e-05
0.95 4.75e-05
0.951 4.755e-05
0.952 4.76e-05
0.953 4.765e-05
0.954 4.77e-05
0.955 4.775e-05
0.956 4.78e-05
0.957 4.785e-05
0.958 4.78999e-05
0.959 4.79499e-05
0.96 4.79998e-05
0.961 4.80496e-05
0.962 4.80994e-05
0.963 4.81491e-05
0.964 4.81985e-05
0.965 4.82477e-05
0.966 4.82964e-05
0.967 4.83446e-05
0.968 4.83918e-05
0.969 4.84377e-05
0.97 4.84818e-05
0.971 4.85233e-05
0.972 4.85613e-05
0.973 4.85941e-05
0.974 4.86204e-05
0.975 4.86373e-05
0.976 4.86422e-05
0.977 4.86305e-05
0.978 4.85979e-05
0.979 4.85372e-05
0.98 4.84413e-05
0.981 4.82993e-05
0.982 4.81005e-05
0.983 4.78289e-05
0.984 4.74687e-05
0.985 4.69975e-05
0.986 4.63932e-05
0.987 4.56256e-05
0.988 4.46646e-05
0.989 4.34713e-05
0.99 4.20068e-05
0.991 4.02225e-05
0.992 3.80701e-05
0.993 3.54915e-05
0.994 3.24287e-05
0.995 2.88153e-05
0.996 2.45845e-05
0.997 1.9663e-05
0.998 1.3977e-05
0.999 7.44872e-06
1 0
