0 0	
0.01 0.000497326
0.02 0.000994619
0.03 0.00149184
0.04 0.00198896
0.05 0.00248595
0.06 0.00298275
0.07 0.00347934
0.08 0.00397568
0.09 0.00447172
0.1 0.00496742
0.11 0.00546272
0.12 0.00595758s
0.13 0.00645195
0.14 0.00694575
0.15 0.00743894
0.16 0.00793143
0.17 0.00842316
0.18 0.00891405
0.19 0.009404
0.2 0.00989293
0.21 0.0103807
0.22 0.0108673
0.23 0.0113525
0.24 0.0118363
0.25 0.0123184
0.26 0.0127988
0.27 0.0132772
0.28 0.0137536
0.29 0.0142277
0.3 0.0146993
0.31 0.0151682
0.32 0.0156342
0.33 0.0160971
0.34 0.0165566
0.35 0.0170124
0.36 0.0174642
0.37 0.0179117
0.38 0.0183546
0.39 0.0187924
0.4 0.019225
0.41 0.0196517
0.42 0.0200722
0.43 0.0204861
0.44 0.0208928
0.45 0.0212918
0.46 0.0216827
0.47 0.0220648
0.48 0.0224375
0.49 0.0228002
0.5 0.0231522
0.51 0.0234928
0.52 0.0238213
0.53 0.0241368
0.54 0.0244387
0.55 0.0247259
0.56 0.0249977
0.57 0.0252531
0.58 0.0254911
0.59 0.0257106
0.6 0.0259107
0.61 0.0260902
0.62 0.0262479
0.63 0.0263826
0.64 0.0264932
0.65 0.0265782
0.66 0.0266364
0.67 0.0266663
0.68 0.0266666
0.69 0.0266357
0.7 0.0265721
0.71 0.0264742
0.72 0.0263403
0.73 0.0261689
0.74 0.0259581
0.75 0.0257063
0.76 0.0254115
0.77 0.0250719
0.78 0.0246855
0.79 0.0242505
0.8 0.0237649
0.81 0.0232265
0.82 0.0226333
0.83 0.0219831
0.84 0.0212739
0.85 0.0205034
0.86 0.0196693
0.87 0.0187694
0.88 0.0178014
0.89 0.016763
0.9 0.0156518
0.91 0.0144653
0.92 0.0132013
0.93 0.0118573
0.94 0.0104307
0.95 0.0089192
0.96 0.00732026
0.97 0.00563137
0.98 0.00385005
0.99 0.00197376
1 0
